{
  "stats": {
    "suites": 1,
    "tests": 2,
    "passes": 2,
    "pending": 0,
    "failures": 0,
    "start": "2021-06-06T17:25:39.136Z",
    "end": "2021-06-06T17:25:59.204Z",
    "duration": 20068,
    "testsRegistered": 2,
    "passPercent": 100,
    "pendingPercent": 0,
    "other": 0,
    "hasOther": false,
    "skipped": 0,
    "hasSkipped": false
  },
  "results": [
    {
      "uuid": "dc85e8c8-3a6a-45d8-8747-cb6799b428ba",
      "title": "",
      "fullFile": "cypress/integration/specs/mininterestSmoke/1-smokeMinterestspec.js",
      "file": "cypress/integration/specs/mininterestSmoke/1-smokeMinterestspec.js",
      "beforeHooks": [],
      "afterHooks": [],
      "tests": [],
      "suites": [
        {
          "uuid": "231acab9-6ecc-466d-bf6b-55ee5bcb73fa",
          "title": "Smoke tests: supply asset",
          "fullFile": "",
          "file": "",
          "beforeHooks": [],
          "afterHooks": [],
          "tests": [
            {
              "title": "User gets values from assetPageUI ",
              "fullTitle": "Smoke tests: supply asset User gets values from assetPageUI ",
              "timedOut": null,
              "duration": 4929,
              "state": "passed",
              "speed": "slow",
              "pass": true,
              "fail": false,
              "pending": false,
              "context": null,
              "code": "const landingPage = new _landingPage.default();\nconst assetPageDOT = new _assetPageDOT.default();\nlet balance;\nlet valueSupplied;\nlet valueBorrowed;\ncy.visit(Cypress.env('url'));\nlandingPage.selectUserAccount();\nlandingPage.clickDOTAsset();\ncy.get('div:nth-child(1) > div.block-body > div:nth-child(1) > div.value > span').then(elem => {\n  let value = elem.text();\n  balance = value.replace(',', '.');\n});\ncy.get(' div:nth-child(1) > div.block-body > div:nth-child(2) > div.value > span').then(elem => {\n  let value = elem.text();\n  valueSupplied = value.replace(',', '.');\n});\ncy.get('div:nth-child(3) >div.block-body > div:nth-child(1) > div.value > span').then(elem => {\n  let value = elem.text();\n  valueBorrowed = value.replace(',', '.');\n  cy.writeFile('cypress/fixtures/savedData.json', {\n    totalBorrowed: valueBorrowed,\n    totalSupplied: valueSupplied,\n    currentBalance: balance\n  });\n});",
              "err": {},
              "uuid": "63a81984-e3d1-470d-aea8-602746666abf",
              "parentUUID": "231acab9-6ecc-466d-bf6b-55ee5bcb73fa",
              "isHook": false,
              "skipped": false
            },
            {
              "title": "User makes supply DOT and checks values ",
              "fullTitle": "Smoke tests: supply asset User makes supply DOT and checks values ",
              "timedOut": null,
              "duration": 13851,
              "state": "passed",
              "speed": "slow",
              "pass": true,
              "fail": false,
              "pending": false,
              "context": null,
              "code": "const landingPage = new _landingPage.default();\nconst assetPageDOT = new _assetPageDOT.default();\ncy.visit(Cypress.env('url'));\nlandingPage.selectUserAccount();\nlandingPage.clickDOTAsset();\ncy.readFile('cypress/fixtures/savedData.json').then(({\n  totalBorrowed,\n  totalSupplied,\n  currentBalance\n}) => {\n  let balanceWallet = parseFloat(currentBalance);\n  let valueSupplied = parseFloat(totalSupplied);\n  let valueBorrowed = parseFloat(totalBorrowed);\n  let collateralFactor = parseFloat(Cypress.env('collateralFactor'));\n  let priceDOT = parseFloat(Cypress.env('priceDOT'));\n  let borrowLimit = valueSupplied * priceDOT * collateralFactor - valueBorrowed * priceDOT;\n  let totalCollateral = valueSupplied * priceDOT * collateralFactor;\n  let borrowLimitUsed = valueBorrowed * priceDOT / totalCollateral * 100;\n  borrowLimitUsed = borrowLimitUsed.toFixed(2);\n  assetPageDOT.clickSuplyBtn();\n  cy.goToPopUp();\n  cy.wait(1000);\n  assetPageDOT.enterAmountSupply(this.data.supplyDOT_50000);\n  cy.wait(3000);\n  assetPageDOT.checkEstimatedGasFee(this.data.gasFeeSupplyDOT);\n  let balanceWalletCurr = balanceWallet.toString().replace('.', ',');\n  assetPageDOT.checkWalletBalance(`${balanceWalletCurr}`);\n  assetPageDOT.checkBorrowLimit(`${borrowLimit}`);\n  assetPageDOT.checkBorrowLimitUsed(`${borrowLimitUsed}`);\n  assetPageDOT.clickConfirmSupply();\n  cy.wait(6000);\n});",
              "err": {},
              "uuid": "cbbc30d8-ef45-4451-b2a1-88af1b837f8f",
              "parentUUID": "231acab9-6ecc-466d-bf6b-55ee5bcb73fa",
              "isHook": false,
              "skipped": false
            }
          ],
          "suites": [],
          "passes": [
            "63a81984-e3d1-470d-aea8-602746666abf",
            "cbbc30d8-ef45-4451-b2a1-88af1b837f8f"
          ],
          "failures": [],
          "pending": [],
          "skipped": [],
          "duration": 18780,
          "root": false,
          "rootEmpty": false,
          "_timeout": 2000
        }
      ],
      "passes": [],
      "failures": [],
      "pending": [],
      "skipped": [],
      "duration": 0,
      "root": true,
      "rootEmpty": true,
      "_timeout": 2000
    }
  ],
  "meta": {
    "mocha": {
      "version": "7.0.1"
    },
    "mochawesome": {
      "options": {
        "quiet": false,
        "reportFilename": "mochawesome",
        "saveHtml": true,
        "saveJson": true,
        "consoleReporter": "spec",
        "useInlineDiffs": false
      },
      "version": "4.1.0"
    },
    "marge": {
      "options": null,
      "version": "4.1.0"
    }
  }
}